<?xml version="1.0" encoding="UTF-8" ?>
<testsuite errors="0" failures="0" hostname="FRANKENSTEIN" name="fiuba.algo3.PoliciaTest" skipped="0" tests="7" time="0.011" timestamp="2014-06-11T13:24:17">
  <properties>
[...]
</properties>
  <testcase classname="fiuba.algo3.PoliciaTest" name="unPoliciaIniciaConRangoNovatoPorDefecto" time="0.0010" />
  <testcase classname="fiuba.algo3.PoliciaTest" name="unPoliciaIniciaConTiempoDisponibleDistintoDeCero" time="0.0010" />
  <testcase classname="fiuba.algo3.PoliciaTest" name="getTiempoDisponibleDevuelveElTiempoQueLeQuedaAlPolicia" time="0.0" />
  <testcase classname="fiuba.algo3.PoliciaTest" name="setRangoCambiaElRangoDelPolicia" time="0.0" />
  <testcase classname="fiuba.algo3.PoliciaTest" name="viajarSiTieneTiempoCambiaLaCiudadActualDelPoliciaYLeRestaTiempo" time="0.0" />
  <testcase classname="fiuba.algo3.PoliciaTest" name="viajarSiNoLeQuedaTiempoNoCambiaLaCiudadActualNiLeRestaTiempo" time="0.0" />
  <testcase classname="fiuba.algo3.PoliciaTest" name="viajarDevuelveFalseCuandoSeTerminaElTiempo" time="0.0010" />
  <system-out><![CDATA[]]></system-out>
  <system-err><![CDATA[]]></system-err>
</testsuite>
